mode: set
github.com/udistrital/usuario_rol_crud/main.go:12.13,21.36 2 0
github.com/udistrital/usuario_rol_crud/main.go:21.36,24.3 2 0
github.com/udistrital/usuario_rol_crud/main.go:25.2,37.13 2 0
github.com/udistrital/usuario_rol_crud/database/migrations/20240626_001109_creacion_tablas.go:17.13,22.2 3 0
github.com/udistrital/usuario_rol_crud/database/migrations/20240626_001109_creacion_tablas.go:25.47,29.16 2 0
github.com/udistrital/usuario_rol_crud/database/migrations/20240626_001109_creacion_tablas.go:29.16,32.3 1 0
github.com/udistrital/usuario_rol_crud/database/migrations/20240626_001109_creacion_tablas.go:34.2,36.35 2 0
github.com/udistrital/usuario_rol_crud/database/migrations/20240626_001109_creacion_tablas.go:36.35,40.3 2 0
github.com/udistrital/usuario_rol_crud/database/migrations/20240626_001109_creacion_tablas.go:45.49,49.16 2 0
github.com/udistrital/usuario_rol_crud/database/migrations/20240626_001109_creacion_tablas.go:49.16,52.3 1 0
github.com/udistrital/usuario_rol_crud/database/migrations/20240626_001109_creacion_tablas.go:54.2,56.35 2 0
github.com/udistrital/usuario_rol_crud/database/migrations/20240626_001109_creacion_tablas.go:56.35,60.3 2 0
github.com/udistrital/usuario_rol_crud/controllers/periodo_rol_usuario.go:23.52,29.2 5 0
github.com/udistrital/usuario_rol_crud/controllers/periodo_rol_usuario.go:38.46,42.68 3 0
github.com/udistrital/usuario_rol_crud/controllers/periodo_rol_usuario.go:42.68,44.62 1 0
github.com/udistrital/usuario_rol_crud/controllers/periodo_rol_usuario.go:44.62,48.4 2 0
github.com/udistrital/usuario_rol_crud/controllers/periodo_rol_usuario.go:48.9,52.4 3 0
github.com/udistrital/usuario_rol_crud/controllers/periodo_rol_usuario.go:53.8,57.3 3 0
github.com/udistrital/usuario_rol_crud/controllers/periodo_rol_usuario.go:58.2,58.15 1 0
github.com/udistrital/usuario_rol_crud/controllers/periodo_rol_usuario.go:68.48,74.16 5 0
github.com/udistrital/usuario_rol_crud/controllers/periodo_rol_usuario.go:74.16,78.3 3 0
github.com/udistrital/usuario_rol_crud/controllers/periodo_rol_usuario.go:78.8,80.3 1 0
github.com/udistrital/usuario_rol_crud/controllers/periodo_rol_usuario.go:81.2,81.15 1 0
github.com/udistrital/usuario_rol_crud/controllers/periodo_rol_usuario.go:96.48,107.41 8 0
github.com/udistrital/usuario_rol_crud/controllers/periodo_rol_usuario.go:107.41,109.3 1 0
github.com/udistrital/usuario_rol_crud/controllers/periodo_rol_usuario.go:111.2,111.47 1 0
github.com/udistrital/usuario_rol_crud/controllers/periodo_rol_usuario.go:111.47,113.3 1 0
github.com/udistrital/usuario_rol_crud/controllers/periodo_rol_usuario.go:115.2,115.48 1 0
github.com/udistrital/usuario_rol_crud/controllers/periodo_rol_usuario.go:115.48,117.3 1 0
github.com/udistrital/usuario_rol_crud/controllers/periodo_rol_usuario.go:119.2,119.41 1 0
github.com/udistrital/usuario_rol_crud/controllers/periodo_rol_usuario.go:119.41,121.3 1 0
github.com/udistrital/usuario_rol_crud/controllers/periodo_rol_usuario.go:123.2,123.40 1 0
github.com/udistrital/usuario_rol_crud/controllers/periodo_rol_usuario.go:123.40,125.3 1 0
github.com/udistrital/usuario_rol_crud/controllers/periodo_rol_usuario.go:127.2,127.40 1 0
github.com/udistrital/usuario_rol_crud/controllers/periodo_rol_usuario.go:127.40,128.46 1 0
github.com/udistrital/usuario_rol_crud/controllers/periodo_rol_usuario.go:128.46,130.20 2 0
github.com/udistrital/usuario_rol_crud/controllers/periodo_rol_usuario.go:130.20,134.5 3 0
github.com/udistrital/usuario_rol_crud/controllers/periodo_rol_usuario.go:135.4,136.16 2 0
github.com/udistrital/usuario_rol_crud/controllers/periodo_rol_usuario.go:141.2,142.16 2 0
github.com/udistrital/usuario_rol_crud/controllers/periodo_rol_usuario.go:142.16,146.3 3 0
github.com/udistrital/usuario_rol_crud/controllers/periodo_rol_usuario.go:146.8,148.3 1 0
github.com/udistrital/usuario_rol_crud/controllers/periodo_rol_usuario.go:149.2,149.15 1 0
github.com/udistrital/usuario_rol_crud/controllers/periodo_rol_usuario.go:160.45,167.68 5 0
github.com/udistrital/usuario_rol_crud/controllers/periodo_rol_usuario.go:167.68,168.66 1 0
github.com/udistrital/usuario_rol_crud/controllers/periodo_rol_usuario.go:168.66,170.4 1 0
github.com/udistrital/usuario_rol_crud/controllers/periodo_rol_usuario.go:170.9,174.4 3 0
github.com/udistrital/usuario_rol_crud/controllers/periodo_rol_usuario.go:175.8,179.3 3 0
github.com/udistrital/usuario_rol_crud/controllers/periodo_rol_usuario.go:180.2,180.15 1 0
github.com/udistrital/usuario_rol_crud/controllers/periodo_rol_usuario.go:190.48,195.61 4 0
github.com/udistrital/usuario_rol_crud/controllers/periodo_rol_usuario.go:195.61,198.3 2 0
github.com/udistrital/usuario_rol_crud/controllers/periodo_rol_usuario.go:198.8,202.3 3 0
github.com/udistrital/usuario_rol_crud/controllers/periodo_rol_usuario.go:203.2,203.15 1 0
github.com/udistrital/usuario_rol_crud/controllers/rol.go:23.38,29.2 5 0
github.com/udistrital/usuario_rol_crud/controllers/rol.go:38.32,42.68 3 0
github.com/udistrital/usuario_rol_crud/controllers/rol.go:42.68,43.48 1 0
github.com/udistrital/usuario_rol_crud/controllers/rol.go:43.48,46.4 2 0
github.com/udistrital/usuario_rol_crud/controllers/rol.go:46.9,50.4 3 0
github.com/udistrital/usuario_rol_crud/controllers/rol.go:51.8,55.3 3 0
github.com/udistrital/usuario_rol_crud/controllers/rol.go:56.2,56.15 1 0
github.com/udistrital/usuario_rol_crud/controllers/rol.go:66.34,72.16 5 0
github.com/udistrital/usuario_rol_crud/controllers/rol.go:72.16,76.3 3 0
github.com/udistrital/usuario_rol_crud/controllers/rol.go:76.8,78.3 1 0
github.com/udistrital/usuario_rol_crud/controllers/rol.go:79.2,79.15 1 0
github.com/udistrital/usuario_rol_crud/controllers/rol.go:94.34,105.41 8 0
github.com/udistrital/usuario_rol_crud/controllers/rol.go:105.41,107.3 1 0
github.com/udistrital/usuario_rol_crud/controllers/rol.go:109.2,109.47 1 0
github.com/udistrital/usuario_rol_crud/controllers/rol.go:109.47,111.3 1 0
github.com/udistrital/usuario_rol_crud/controllers/rol.go:113.2,113.48 1 0
github.com/udistrital/usuario_rol_crud/controllers/rol.go:113.48,115.3 1 0
github.com/udistrital/usuario_rol_crud/controllers/rol.go:117.2,117.41 1 0
github.com/udistrital/usuario_rol_crud/controllers/rol.go:117.41,119.3 1 0
github.com/udistrital/usuario_rol_crud/controllers/rol.go:121.2,121.40 1 0
github.com/udistrital/usuario_rol_crud/controllers/rol.go:121.40,123.3 1 0
github.com/udistrital/usuario_rol_crud/controllers/rol.go:125.2,125.40 1 0
github.com/udistrital/usuario_rol_crud/controllers/rol.go:125.40,126.46 1 0
github.com/udistrital/usuario_rol_crud/controllers/rol.go:126.46,128.20 2 0
github.com/udistrital/usuario_rol_crud/controllers/rol.go:128.20,132.5 3 0
github.com/udistrital/usuario_rol_crud/controllers/rol.go:133.4,134.16 2 0
github.com/udistrital/usuario_rol_crud/controllers/rol.go:138.2,139.16 2 0
github.com/udistrital/usuario_rol_crud/controllers/rol.go:139.16,143.3 3 0
github.com/udistrital/usuario_rol_crud/controllers/rol.go:143.8,145.3 1 0
github.com/udistrital/usuario_rol_crud/controllers/rol.go:146.2,146.15 1 0
github.com/udistrital/usuario_rol_crud/controllers/rol.go:157.31,163.68 5 0
github.com/udistrital/usuario_rol_crud/controllers/rol.go:163.68,164.50 1 0
github.com/udistrital/usuario_rol_crud/controllers/rol.go:164.50,166.4 1 0
github.com/udistrital/usuario_rol_crud/controllers/rol.go:166.9,170.4 3 0
github.com/udistrital/usuario_rol_crud/controllers/rol.go:171.8,175.3 3 0
github.com/udistrital/usuario_rol_crud/controllers/rol.go:176.2,176.15 1 0
github.com/udistrital/usuario_rol_crud/controllers/rol.go:186.34,191.47 4 0
github.com/udistrital/usuario_rol_crud/controllers/rol.go:191.47,194.3 2 0
github.com/udistrital/usuario_rol_crud/controllers/rol.go:194.8,198.3 3 0
github.com/udistrital/usuario_rol_crud/controllers/rol.go:199.2,199.15 1 0
github.com/udistrital/usuario_rol_crud/controllers/sistema_informacion.go:23.53,29.2 5 0
github.com/udistrital/usuario_rol_crud/controllers/sistema_informacion.go:38.47,43.68 3 0
github.com/udistrital/usuario_rol_crud/controllers/sistema_informacion.go:43.68,44.63 1 0
github.com/udistrital/usuario_rol_crud/controllers/sistema_informacion.go:44.63,47.4 2 0
github.com/udistrital/usuario_rol_crud/controllers/sistema_informacion.go:47.9,51.4 3 0
github.com/udistrital/usuario_rol_crud/controllers/sistema_informacion.go:52.8,56.3 3 0
github.com/udistrital/usuario_rol_crud/controllers/sistema_informacion.go:57.2,57.15 1 0
github.com/udistrital/usuario_rol_crud/controllers/sistema_informacion.go:67.49,73.16 5 0
github.com/udistrital/usuario_rol_crud/controllers/sistema_informacion.go:73.16,77.3 3 0
github.com/udistrital/usuario_rol_crud/controllers/sistema_informacion.go:77.8,79.3 1 0
github.com/udistrital/usuario_rol_crud/controllers/sistema_informacion.go:80.2,80.15 1 0
github.com/udistrital/usuario_rol_crud/controllers/sistema_informacion.go:95.49,106.41 8 0
github.com/udistrital/usuario_rol_crud/controllers/sistema_informacion.go:106.41,108.3 1 0
github.com/udistrital/usuario_rol_crud/controllers/sistema_informacion.go:110.2,110.47 1 0
github.com/udistrital/usuario_rol_crud/controllers/sistema_informacion.go:110.47,112.3 1 0
github.com/udistrital/usuario_rol_crud/controllers/sistema_informacion.go:114.2,114.48 1 0
github.com/udistrital/usuario_rol_crud/controllers/sistema_informacion.go:114.48,116.3 1 0
github.com/udistrital/usuario_rol_crud/controllers/sistema_informacion.go:118.2,118.41 1 0
github.com/udistrital/usuario_rol_crud/controllers/sistema_informacion.go:118.41,120.3 1 0
github.com/udistrital/usuario_rol_crud/controllers/sistema_informacion.go:122.2,122.40 1 0
github.com/udistrital/usuario_rol_crud/controllers/sistema_informacion.go:122.40,124.3 1 0
github.com/udistrital/usuario_rol_crud/controllers/sistema_informacion.go:126.2,126.40 1 0
github.com/udistrital/usuario_rol_crud/controllers/sistema_informacion.go:126.40,127.46 1 0
github.com/udistrital/usuario_rol_crud/controllers/sistema_informacion.go:127.46,129.20 2 0
github.com/udistrital/usuario_rol_crud/controllers/sistema_informacion.go:129.20,133.5 3 0
github.com/udistrital/usuario_rol_crud/controllers/sistema_informacion.go:134.4,135.16 2 0
github.com/udistrital/usuario_rol_crud/controllers/sistema_informacion.go:139.2,140.16 2 0
github.com/udistrital/usuario_rol_crud/controllers/sistema_informacion.go:140.16,144.3 3 0
github.com/udistrital/usuario_rol_crud/controllers/sistema_informacion.go:144.8,147.3 1 0
github.com/udistrital/usuario_rol_crud/controllers/sistema_informacion.go:148.2,148.15 1 0
github.com/udistrital/usuario_rol_crud/controllers/sistema_informacion.go:159.46,166.68 5 0
github.com/udistrital/usuario_rol_crud/controllers/sistema_informacion.go:166.68,167.67 1 0
github.com/udistrital/usuario_rol_crud/controllers/sistema_informacion.go:167.67,169.4 1 0
github.com/udistrital/usuario_rol_crud/controllers/sistema_informacion.go:169.9,173.4 3 0
github.com/udistrital/usuario_rol_crud/controllers/sistema_informacion.go:174.8,178.3 3 0
github.com/udistrital/usuario_rol_crud/controllers/sistema_informacion.go:179.2,179.15 1 0
github.com/udistrital/usuario_rol_crud/controllers/sistema_informacion.go:189.49,194.62 4 0
github.com/udistrital/usuario_rol_crud/controllers/sistema_informacion.go:194.62,197.3 2 0
github.com/udistrital/usuario_rol_crud/controllers/sistema_informacion.go:197.8,201.3 3 0
github.com/udistrital/usuario_rol_crud/controllers/sistema_informacion.go:202.2,202.15 1 0
github.com/udistrital/usuario_rol_crud/controllers/usuario.go:23.42,29.2 5 0
github.com/udistrital/usuario_rol_crud/controllers/usuario.go:38.36,42.68 3 0
github.com/udistrital/usuario_rol_crud/controllers/usuario.go:42.68,47.3 4 0
github.com/udistrital/usuario_rol_crud/controllers/usuario.go:49.2,49.51 1 0
github.com/udistrital/usuario_rol_crud/controllers/usuario.go:49.51,54.3 4 0
github.com/udistrital/usuario_rol_crud/controllers/usuario.go:56.2,58.15 3 0
github.com/udistrital/usuario_rol_crud/controllers/usuario.go:68.38,74.16 4 0
github.com/udistrital/usuario_rol_crud/controllers/usuario.go:74.16,78.3 3 0
github.com/udistrital/usuario_rol_crud/controllers/usuario.go:78.8,80.3 1 0
github.com/udistrital/usuario_rol_crud/controllers/usuario.go:81.2,81.15 1 0
github.com/udistrital/usuario_rol_crud/controllers/usuario.go:96.38,107.41 8 0
github.com/udistrital/usuario_rol_crud/controllers/usuario.go:107.41,109.3 1 0
github.com/udistrital/usuario_rol_crud/controllers/usuario.go:111.2,111.47 1 0
github.com/udistrital/usuario_rol_crud/controllers/usuario.go:111.47,113.3 1 0
github.com/udistrital/usuario_rol_crud/controllers/usuario.go:115.2,115.48 1 0
github.com/udistrital/usuario_rol_crud/controllers/usuario.go:115.48,117.3 1 0
github.com/udistrital/usuario_rol_crud/controllers/usuario.go:119.2,119.41 1 0
github.com/udistrital/usuario_rol_crud/controllers/usuario.go:119.41,121.3 1 0
github.com/udistrital/usuario_rol_crud/controllers/usuario.go:123.2,123.40 1 0
github.com/udistrital/usuario_rol_crud/controllers/usuario.go:123.40,125.3 1 0
github.com/udistrital/usuario_rol_crud/controllers/usuario.go:127.2,127.40 1 0
github.com/udistrital/usuario_rol_crud/controllers/usuario.go:127.40,128.46 1 0
github.com/udistrital/usuario_rol_crud/controllers/usuario.go:128.46,130.20 2 0
github.com/udistrital/usuario_rol_crud/controllers/usuario.go:130.20,134.5 3 0
github.com/udistrital/usuario_rol_crud/controllers/usuario.go:135.4,136.16 2 0
github.com/udistrital/usuario_rol_crud/controllers/usuario.go:140.2,141.16 2 0
github.com/udistrital/usuario_rol_crud/controllers/usuario.go:141.16,145.3 3 0
github.com/udistrital/usuario_rol_crud/controllers/usuario.go:145.8,147.3 1 0
github.com/udistrital/usuario_rol_crud/controllers/usuario.go:148.2,148.15 1 0
github.com/udistrital/usuario_rol_crud/controllers/usuario.go:159.35,165.68 5 0
github.com/udistrital/usuario_rol_crud/controllers/usuario.go:165.68,167.56 1 0
github.com/udistrital/usuario_rol_crud/controllers/usuario.go:167.56,169.4 1 0
github.com/udistrital/usuario_rol_crud/controllers/usuario.go:169.9,173.4 3 0
github.com/udistrital/usuario_rol_crud/controllers/usuario.go:174.8,178.3 3 0
github.com/udistrital/usuario_rol_crud/controllers/usuario.go:179.2,179.15 1 0
github.com/udistrital/usuario_rol_crud/controllers/usuario.go:189.38,194.51 4 0
github.com/udistrital/usuario_rol_crud/controllers/usuario.go:194.51,197.3 2 0
github.com/udistrital/usuario_rol_crud/controllers/usuario.go:197.8,201.3 3 0
github.com/udistrital/usuario_rol_crud/controllers/usuario.go:202.2,202.15 1 0
github.com/udistrital/usuario_rol_crud/helpers/utilidades.go:10.61,11.34 1 0
github.com/udistrital/usuario_rol_crud/helpers/utilidades.go:11.34,14.26 3 0
github.com/udistrital/usuario_rol_crud/helpers/utilidades.go:15.15,20.5 1 0
github.com/udistrital/usuario_rol_crud/helpers/utilidades.go:21.14,26.5 1 0
github.com/udistrital/usuario_rol_crud/helpers/utilidades.go:27.11,28.50 1 0
github.com/udistrital/usuario_rol_crud/helpers/utilidades.go:28.50,30.5 1 0
github.com/udistrital/usuario_rol_crud/helpers/utilidades.go:30.10,36.5 1 0
github.com/udistrital/usuario_rol_crud/helpers/utilidades.go:38.3,40.45 3 0
github.com/udistrital/usuario_rol_crud/helpers/utilidades.go:40.45,43.4 2 0
github.com/udistrital/usuario_rol_crud/helpers/utilidades.go:43.9,45.4 1 0
github.com/udistrital/usuario_rol_crud/helpers/utilidades.go:49.37,51.16 2 0
github.com/udistrital/usuario_rol_crud/helpers/utilidades.go:51.16,53.3 1 0
github.com/udistrital/usuario_rol_crud/helpers/utilidades.go:54.2,54.21 1 0
github.com/udistrital/usuario_rol_crud/models/periodo_rol_usuario.go:25.48,27.2 1 0
github.com/udistrital/usuario_rol_crud/models/periodo_rol_usuario.go:29.13,31.2 1 0
github.com/udistrital/usuario_rol_crud/models/periodo_rol_usuario.go:35.71,39.2 3 0
github.com/udistrital/usuario_rol_crud/models/periodo_rol_usuario.go:43.73,46.33 3 0
github.com/udistrital/usuario_rol_crud/models/periodo_rol_usuario.go:46.33,48.3 1 0
github.com/udistrital/usuario_rol_crud/models/periodo_rol_usuario.go:49.2,49.17 1 0
github.com/udistrital/usuario_rol_crud/models/periodo_rol_usuario.go:55.59,59.26 3 0
github.com/udistrital/usuario_rol_crud/models/periodo_rol_usuario.go:59.26,62.36 2 0
github.com/udistrital/usuario_rol_crud/models/periodo_rol_usuario.go:62.36,64.4 1 0
github.com/udistrital/usuario_rol_crud/models/periodo_rol_usuario.go:64.9,66.4 1 0
github.com/udistrital/usuario_rol_crud/models/periodo_rol_usuario.go:69.2,70.22 2 0
github.com/udistrital/usuario_rol_crud/models/periodo_rol_usuario.go:70.22,71.32 1 0
github.com/udistrital/usuario_rol_crud/models/periodo_rol_usuario.go:71.32,73.29 1 0
github.com/udistrital/usuario_rol_crud/models/periodo_rol_usuario.go:73.29,75.27 2 0
github.com/udistrital/usuario_rol_crud/models/periodo_rol_usuario.go:75.27,77.6 1 0
github.com/udistrital/usuario_rol_crud/models/periodo_rol_usuario.go:77.11,77.33 1 0
github.com/udistrital/usuario_rol_crud/models/periodo_rol_usuario.go:77.33,79.6 1 0
github.com/udistrital/usuario_rol_crud/models/periodo_rol_usuario.go:79.11,81.6 1 0
github.com/udistrital/usuario_rol_crud/models/periodo_rol_usuario.go:82.5,82.45 1 0
github.com/udistrital/usuario_rol_crud/models/periodo_rol_usuario.go:84.4,84.34 1 0
github.com/udistrital/usuario_rol_crud/models/periodo_rol_usuario.go:85.9,85.58 1 0
github.com/udistrital/usuario_rol_crud/models/periodo_rol_usuario.go:85.58,87.29 1 0
github.com/udistrital/usuario_rol_crud/models/periodo_rol_usuario.go:87.29,89.27 2 0
github.com/udistrital/usuario_rol_crud/models/periodo_rol_usuario.go:89.27,91.6 1 0
github.com/udistrital/usuario_rol_crud/models/periodo_rol_usuario.go:91.11,91.33 1 0
github.com/udistrital/usuario_rol_crud/models/periodo_rol_usuario.go:91.33,93.6 1 0
github.com/udistrital/usuario_rol_crud/models/periodo_rol_usuario.go:93.11,95.6 1 0
github.com/udistrital/usuario_rol_crud/models/periodo_rol_usuario.go:96.5,96.45 1 0
github.com/udistrital/usuario_rol_crud/models/periodo_rol_usuario.go:98.9,98.58 1 0
github.com/udistrital/usuario_rol_crud/models/periodo_rol_usuario.go:98.58,100.4 1 0
github.com/udistrital/usuario_rol_crud/models/periodo_rol_usuario.go:101.8,102.22 1 0
github.com/udistrital/usuario_rol_crud/models/periodo_rol_usuario.go:102.22,104.4 1 0
github.com/udistrital/usuario_rol_crud/models/periodo_rol_usuario.go:107.2,109.69 3 0
github.com/udistrital/usuario_rol_crud/models/periodo_rol_usuario.go:109.69,110.23 1 0
github.com/udistrital/usuario_rol_crud/models/periodo_rol_usuario.go:110.23,111.24 1 0
github.com/udistrital/usuario_rol_crud/models/periodo_rol_usuario.go:111.24,113.5 1 0
github.com/udistrital/usuario_rol_crud/models/periodo_rol_usuario.go:114.9,116.24 1 0
github.com/udistrital/usuario_rol_crud/models/periodo_rol_usuario.go:116.24,119.34 3 0
github.com/udistrital/usuario_rol_crud/models/periodo_rol_usuario.go:119.34,121.6 1 0
github.com/udistrital/usuario_rol_crud/models/periodo_rol_usuario.go:122.5,122.23 1 0
github.com/udistrital/usuario_rol_crud/models/periodo_rol_usuario.go:125.3,125.17 1 0
github.com/udistrital/usuario_rol_crud/models/periodo_rol_usuario.go:127.2,127.17 1 0
github.com/udistrital/usuario_rol_crud/models/periodo_rol_usuario.go:132.68,136.34 3 0
github.com/udistrital/usuario_rol_crud/models/periodo_rol_usuario.go:136.34,138.41 2 0
github.com/udistrital/usuario_rol_crud/models/periodo_rol_usuario.go:138.41,140.4 1 0
github.com/udistrital/usuario_rol_crud/models/periodo_rol_usuario.go:142.2,142.8 1 0
github.com/udistrital/usuario_rol_crud/models/periodo_rol_usuario.go:147.50,151.34 3 0
github.com/udistrital/usuario_rol_crud/models/periodo_rol_usuario.go:151.34,156.71 4 0
github.com/udistrital/usuario_rol_crud/models/periodo_rol_usuario.go:156.71,158.4 1 0
github.com/udistrital/usuario_rol_crud/models/periodo_rol_usuario.go:158.9,160.4 1 0
github.com/udistrital/usuario_rol_crud/models/periodo_rol_usuario.go:162.8,164.3 1 0
github.com/udistrital/usuario_rol_crud/models/periodo_rol_usuario.go:165.2,165.8 1 0
github.com/udistrital/usuario_rol_crud/models/periodo_rol_usuario.go:167.59,172.27 5 0
github.com/udistrital/usuario_rol_crud/models/periodo_rol_usuario.go:172.27,175.3 2 0
github.com/udistrital/usuario_rol_crud/models/periodo_rol_usuario.go:176.2,176.12 1 0
github.com/udistrital/usuario_rol_crud/models/rol.go:22.34,24.2 1 0
github.com/udistrital/usuario_rol_crud/models/rol.go:26.13,28.2 1 0
github.com/udistrital/usuario_rol_crud/models/rol.go:32.43,36.2 3 0
github.com/udistrital/usuario_rol_crud/models/rol.go:40.45,43.33 3 0
github.com/udistrital/usuario_rol_crud/models/rol.go:43.33,45.3 1 0
github.com/udistrital/usuario_rol_crud/models/rol.go:46.2,46.17 1 0
github.com/udistrital/usuario_rol_crud/models/rol.go:52.59,56.26 3 0
github.com/udistrital/usuario_rol_crud/models/rol.go:56.26,59.36 2 0
github.com/udistrital/usuario_rol_crud/models/rol.go:59.36,61.4 1 0
github.com/udistrital/usuario_rol_crud/models/rol.go:61.9,63.4 1 0
github.com/udistrital/usuario_rol_crud/models/rol.go:66.2,67.22 2 0
github.com/udistrital/usuario_rol_crud/models/rol.go:67.22,68.32 1 0
github.com/udistrital/usuario_rol_crud/models/rol.go:68.32,70.29 1 0
github.com/udistrital/usuario_rol_crud/models/rol.go:70.29,72.27 2 0
github.com/udistrital/usuario_rol_crud/models/rol.go:72.27,74.6 1 0
github.com/udistrital/usuario_rol_crud/models/rol.go:74.11,74.33 1 0
github.com/udistrital/usuario_rol_crud/models/rol.go:74.33,76.6 1 0
github.com/udistrital/usuario_rol_crud/models/rol.go:76.11,78.6 1 0
github.com/udistrital/usuario_rol_crud/models/rol.go:79.5,79.45 1 0
github.com/udistrital/usuario_rol_crud/models/rol.go:81.4,81.34 1 0
github.com/udistrital/usuario_rol_crud/models/rol.go:82.9,82.58 1 0
github.com/udistrital/usuario_rol_crud/models/rol.go:82.58,84.29 1 0
github.com/udistrital/usuario_rol_crud/models/rol.go:84.29,86.27 2 0
github.com/udistrital/usuario_rol_crud/models/rol.go:86.27,88.6 1 0
github.com/udistrital/usuario_rol_crud/models/rol.go:88.11,88.33 1 0
github.com/udistrital/usuario_rol_crud/models/rol.go:88.33,90.6 1 0
github.com/udistrital/usuario_rol_crud/models/rol.go:90.11,92.6 1 0
github.com/udistrital/usuario_rol_crud/models/rol.go:93.5,93.45 1 0
github.com/udistrital/usuario_rol_crud/models/rol.go:95.9,95.58 1 0
github.com/udistrital/usuario_rol_crud/models/rol.go:95.58,97.4 1 0
github.com/udistrital/usuario_rol_crud/models/rol.go:98.8,99.22 1 0
github.com/udistrital/usuario_rol_crud/models/rol.go:99.22,101.4 1 0
github.com/udistrital/usuario_rol_crud/models/rol.go:104.2,106.69 3 0
github.com/udistrital/usuario_rol_crud/models/rol.go:106.69,107.23 1 0
github.com/udistrital/usuario_rol_crud/models/rol.go:107.23,108.24 1 0
github.com/udistrital/usuario_rol_crud/models/rol.go:108.24,110.5 1 0
github.com/udistrital/usuario_rol_crud/models/rol.go:111.9,113.24 1 0
github.com/udistrital/usuario_rol_crud/models/rol.go:113.24,116.34 3 0
github.com/udistrital/usuario_rol_crud/models/rol.go:116.34,118.6 1 0
github.com/udistrital/usuario_rol_crud/models/rol.go:119.5,119.23 1 0
github.com/udistrital/usuario_rol_crud/models/rol.go:122.3,122.17 1 0
github.com/udistrital/usuario_rol_crud/models/rol.go:124.2,124.17 1 0
github.com/udistrital/usuario_rol_crud/models/rol.go:129.40,133.34 3 0
github.com/udistrital/usuario_rol_crud/models/rol.go:133.34,135.41 2 0
github.com/udistrital/usuario_rol_crud/models/rol.go:135.41,137.4 1 0
github.com/udistrital/usuario_rol_crud/models/rol.go:139.2,139.8 1 0
github.com/udistrital/usuario_rol_crud/models/rol.go:144.36,148.34 3 0
github.com/udistrital/usuario_rol_crud/models/rol.go:148.34,153.71 4 0
github.com/udistrital/usuario_rol_crud/models/rol.go:153.71,155.4 1 0
github.com/udistrital/usuario_rol_crud/models/rol.go:155.9,157.4 1 0
github.com/udistrital/usuario_rol_crud/models/rol.go:159.8,161.3 1 0
github.com/udistrital/usuario_rol_crud/models/rol.go:162.2,162.8 1 0
github.com/udistrital/usuario_rol_crud/models/sistema_informacion.go:22.49,24.2 1 0
github.com/udistrital/usuario_rol_crud/models/sistema_informacion.go:26.13,28.2 1 0
github.com/udistrital/usuario_rol_crud/models/sistema_informacion.go:32.73,36.2 3 0
github.com/udistrital/usuario_rol_crud/models/sistema_informacion.go:40.75,43.33 3 0
github.com/udistrital/usuario_rol_crud/models/sistema_informacion.go:43.33,45.3 1 0
github.com/udistrital/usuario_rol_crud/models/sistema_informacion.go:46.2,46.17 1 0
github.com/udistrital/usuario_rol_crud/models/sistema_informacion.go:52.59,56.26 3 0
github.com/udistrital/usuario_rol_crud/models/sistema_informacion.go:56.26,59.36 2 0
github.com/udistrital/usuario_rol_crud/models/sistema_informacion.go:59.36,61.4 1 0
github.com/udistrital/usuario_rol_crud/models/sistema_informacion.go:61.9,63.4 1 0
github.com/udistrital/usuario_rol_crud/models/sistema_informacion.go:66.2,67.22 2 0
github.com/udistrital/usuario_rol_crud/models/sistema_informacion.go:67.22,68.32 1 0
github.com/udistrital/usuario_rol_crud/models/sistema_informacion.go:68.32,70.29 1 0
github.com/udistrital/usuario_rol_crud/models/sistema_informacion.go:70.29,72.27 2 0
github.com/udistrital/usuario_rol_crud/models/sistema_informacion.go:72.27,74.6 1 0
github.com/udistrital/usuario_rol_crud/models/sistema_informacion.go:74.11,74.33 1 0
github.com/udistrital/usuario_rol_crud/models/sistema_informacion.go:74.33,76.6 1 0
github.com/udistrital/usuario_rol_crud/models/sistema_informacion.go:76.11,78.6 1 0
github.com/udistrital/usuario_rol_crud/models/sistema_informacion.go:79.5,79.45 1 0
github.com/udistrital/usuario_rol_crud/models/sistema_informacion.go:81.4,81.34 1 0
github.com/udistrital/usuario_rol_crud/models/sistema_informacion.go:82.9,82.58 1 0
github.com/udistrital/usuario_rol_crud/models/sistema_informacion.go:82.58,84.29 1 0
github.com/udistrital/usuario_rol_crud/models/sistema_informacion.go:84.29,86.27 2 0
github.com/udistrital/usuario_rol_crud/models/sistema_informacion.go:86.27,88.6 1 0
github.com/udistrital/usuario_rol_crud/models/sistema_informacion.go:88.11,88.33 1 0
github.com/udistrital/usuario_rol_crud/models/sistema_informacion.go:88.33,90.6 1 0
github.com/udistrital/usuario_rol_crud/models/sistema_informacion.go:90.11,92.6 1 0
github.com/udistrital/usuario_rol_crud/models/sistema_informacion.go:93.5,93.45 1 0
github.com/udistrital/usuario_rol_crud/models/sistema_informacion.go:95.9,95.58 1 0
github.com/udistrital/usuario_rol_crud/models/sistema_informacion.go:95.58,97.4 1 0
github.com/udistrital/usuario_rol_crud/models/sistema_informacion.go:98.8,99.22 1 0
github.com/udistrital/usuario_rol_crud/models/sistema_informacion.go:99.22,101.4 1 0
github.com/udistrital/usuario_rol_crud/models/sistema_informacion.go:104.2,106.69 3 0
github.com/udistrital/usuario_rol_crud/models/sistema_informacion.go:106.69,107.23 1 0
github.com/udistrital/usuario_rol_crud/models/sistema_informacion.go:107.23,108.24 1 0
github.com/udistrital/usuario_rol_crud/models/sistema_informacion.go:108.24,110.5 1 0
github.com/udistrital/usuario_rol_crud/models/sistema_informacion.go:111.9,113.24 1 0
github.com/udistrital/usuario_rol_crud/models/sistema_informacion.go:113.24,116.34 3 0
github.com/udistrital/usuario_rol_crud/models/sistema_informacion.go:116.34,118.6 1 0
github.com/udistrital/usuario_rol_crud/models/sistema_informacion.go:119.5,119.23 1 0
github.com/udistrital/usuario_rol_crud/models/sistema_informacion.go:122.3,122.17 1 0
github.com/udistrital/usuario_rol_crud/models/sistema_informacion.go:124.2,124.17 1 0
github.com/udistrital/usuario_rol_crud/models/sistema_informacion.go:129.70,133.34 3 0
github.com/udistrital/usuario_rol_crud/models/sistema_informacion.go:133.34,135.41 2 0
github.com/udistrital/usuario_rol_crud/models/sistema_informacion.go:135.41,137.4 1 0
github.com/udistrital/usuario_rol_crud/models/sistema_informacion.go:139.2,139.8 1 0
github.com/udistrital/usuario_rol_crud/models/sistema_informacion.go:144.51,148.34 3 0
github.com/udistrital/usuario_rol_crud/models/sistema_informacion.go:148.34,153.71 4 0
github.com/udistrital/usuario_rol_crud/models/sistema_informacion.go:153.71,155.4 1 0
github.com/udistrital/usuario_rol_crud/models/sistema_informacion.go:155.9,157.4 1 0
github.com/udistrital/usuario_rol_crud/models/sistema_informacion.go:159.8,161.3 1 0
github.com/udistrital/usuario_rol_crud/models/sistema_informacion.go:162.2,162.8 1 0
github.com/udistrital/usuario_rol_crud/models/usuario.go:22.38,24.2 1 0
github.com/udistrital/usuario_rol_crud/models/usuario.go:26.13,28.2 1 0
github.com/udistrital/usuario_rol_crud/models/usuario.go:32.51,36.61 3 0
github.com/udistrital/usuario_rol_crud/models/usuario.go:36.61,38.3 1 0
github.com/udistrital/usuario_rol_crud/models/usuario.go:39.2,40.8 2 0
github.com/udistrital/usuario_rol_crud/models/usuario.go:45.53,48.33 3 0
github.com/udistrital/usuario_rol_crud/models/usuario.go:48.33,50.3 1 0
github.com/udistrital/usuario_rol_crud/models/usuario.go:51.2,51.17 1 0
github.com/udistrital/usuario_rol_crud/models/usuario.go:57.59,61.26 3 0
github.com/udistrital/usuario_rol_crud/models/usuario.go:61.26,64.36 2 0
github.com/udistrital/usuario_rol_crud/models/usuario.go:64.36,66.4 1 0
github.com/udistrital/usuario_rol_crud/models/usuario.go:66.9,68.4 1 0
github.com/udistrital/usuario_rol_crud/models/usuario.go:71.2,72.22 2 0
github.com/udistrital/usuario_rol_crud/models/usuario.go:72.22,73.32 1 0
github.com/udistrital/usuario_rol_crud/models/usuario.go:73.32,75.29 1 0
github.com/udistrital/usuario_rol_crud/models/usuario.go:75.29,77.27 2 0
github.com/udistrital/usuario_rol_crud/models/usuario.go:77.27,79.6 1 0
github.com/udistrital/usuario_rol_crud/models/usuario.go:79.11,79.33 1 0
github.com/udistrital/usuario_rol_crud/models/usuario.go:79.33,81.6 1 0
github.com/udistrital/usuario_rol_crud/models/usuario.go:81.11,83.6 1 0
github.com/udistrital/usuario_rol_crud/models/usuario.go:84.5,84.45 1 0
github.com/udistrital/usuario_rol_crud/models/usuario.go:86.4,86.34 1 0
github.com/udistrital/usuario_rol_crud/models/usuario.go:87.9,87.58 1 0
github.com/udistrital/usuario_rol_crud/models/usuario.go:87.58,89.29 1 0
github.com/udistrital/usuario_rol_crud/models/usuario.go:89.29,91.27 2 0
github.com/udistrital/usuario_rol_crud/models/usuario.go:91.27,93.6 1 0
github.com/udistrital/usuario_rol_crud/models/usuario.go:93.11,93.33 1 0
github.com/udistrital/usuario_rol_crud/models/usuario.go:93.33,95.6 1 0
github.com/udistrital/usuario_rol_crud/models/usuario.go:95.11,97.6 1 0
github.com/udistrital/usuario_rol_crud/models/usuario.go:98.5,98.45 1 0
github.com/udistrital/usuario_rol_crud/models/usuario.go:100.9,100.58 1 0
github.com/udistrital/usuario_rol_crud/models/usuario.go:100.58,102.4 1 0
github.com/udistrital/usuario_rol_crud/models/usuario.go:103.8,104.22 1 0
github.com/udistrital/usuario_rol_crud/models/usuario.go:104.22,106.4 1 0
github.com/udistrital/usuario_rol_crud/models/usuario.go:109.2,111.69 3 0
github.com/udistrital/usuario_rol_crud/models/usuario.go:111.69,112.23 1 0
github.com/udistrital/usuario_rol_crud/models/usuario.go:112.23,113.24 1 0
github.com/udistrital/usuario_rol_crud/models/usuario.go:113.24,115.5 1 0
github.com/udistrital/usuario_rol_crud/models/usuario.go:116.9,118.24 1 0
github.com/udistrital/usuario_rol_crud/models/usuario.go:118.24,121.34 3 0
github.com/udistrital/usuario_rol_crud/models/usuario.go:121.34,123.6 1 0
github.com/udistrital/usuario_rol_crud/models/usuario.go:124.5,124.23 1 0
github.com/udistrital/usuario_rol_crud/models/usuario.go:127.3,127.17 1 0
github.com/udistrital/usuario_rol_crud/models/usuario.go:129.2,129.17 1 0
github.com/udistrital/usuario_rol_crud/models/usuario.go:134.48,138.34 3 0
github.com/udistrital/usuario_rol_crud/models/usuario.go:138.34,140.41 2 0
github.com/udistrital/usuario_rol_crud/models/usuario.go:140.41,142.4 1 0
github.com/udistrital/usuario_rol_crud/models/usuario.go:144.2,144.8 1 0
github.com/udistrital/usuario_rol_crud/models/usuario.go:149.40,153.34 3 0
github.com/udistrital/usuario_rol_crud/models/usuario.go:153.34,158.71 4 0
github.com/udistrital/usuario_rol_crud/models/usuario.go:158.71,160.4 1 0
github.com/udistrital/usuario_rol_crud/models/usuario.go:160.9,162.4 1 0
github.com/udistrital/usuario_rol_crud/models/usuario.go:164.8,167.3 2 0
github.com/udistrital/usuario_rol_crud/models/usuario.go:168.2,168.8 1 0
github.com/udistrital/usuario_rol_crud/models/usuario.go:172.48,175.2 2 0
github.com/udistrital/usuario_rol_crud/routers/commentsRouter_controllers.go:8.13,190.2 20 0
github.com/udistrital/usuario_rol_crud/routers/router.go:16.13,44.2 2 0
github.com/udistrital/usuario_rol_crud/services/periodo_rol_usuario_service.go:14.78,19.23 4 0
github.com/udistrital/usuario_rol_crud/services/periodo_rol_usuario_service.go:19.23,20.73 1 0
github.com/udistrital/usuario_rol_crud/services/periodo_rol_usuario_service.go:20.73,22.4 1 0
github.com/udistrital/usuario_rol_crud/services/periodo_rol_usuario_service.go:23.8,26.17 3 0
github.com/udistrital/usuario_rol_crud/services/periodo_rol_usuario_service.go:26.17,28.4 1 0
github.com/udistrital/usuario_rol_crud/services/periodo_rol_usuario_service.go:30.2,32.70 3 0
github.com/udistrital/usuario_rol_crud/services/periodo_rol_usuario_service.go:32.70,34.3 1 0
github.com/udistrital/usuario_rol_crud/services/periodo_rol_usuario_service.go:35.2,35.39 1 0
github.com/udistrital/usuario_rol_crud/services/periodo_rol_usuario_service.go:37.80,39.2 1 0
github.com/udistrital/usuario_rol_crud/services/periodo_rol_usuario_service.go:41.59,43.2 1 0
github.com/udistrital/usuario_rol_crud/services/periodo_rol_usuario_service.go:44.75,47.16 2 0
github.com/udistrital/usuario_rol_crud/services/periodo_rol_usuario_service.go:47.16,49.3 1 0
github.com/udistrital/usuario_rol_crud/services/periodo_rol_usuario_service.go:50.2,54.23 4 0
github.com/udistrital/usuario_rol_crud/services/periodo_rol_usuario_service.go:54.23,55.73 1 0
github.com/udistrital/usuario_rol_crud/services/periodo_rol_usuario_service.go:55.73,57.4 1 0
github.com/udistrital/usuario_rol_crud/services/periodo_rol_usuario_service.go:58.8,61.17 3 0
github.com/udistrital/usuario_rol_crud/services/periodo_rol_usuario_service.go:61.17,63.4 1 0
github.com/udistrital/usuario_rol_crud/services/periodo_rol_usuario_service.go:65.2,65.46 1 0
github.com/udistrital/usuario_rol_crud/services/periodo_rol_usuario_service.go:67.50,69.2 1 0
github.com/udistrital/usuario_rol_crud/services/periodo_rol_usuario_service.go:72.65,75.16 3 0
github.com/udistrital/usuario_rol_crud/services/periodo_rol_usuario_service.go:75.16,77.3 1 0
github.com/udistrital/usuario_rol_crud/services/periodo_rol_usuario_service.go:78.2,78.27 1 0
github.com/udistrital/usuario_rol_crud/services/periodo_rol_usuario_service.go:82.61,85.16 2 0
github.com/udistrital/usuario_rol_crud/services/periodo_rol_usuario_service.go:85.16,87.3 1 0
github.com/udistrital/usuario_rol_crud/services/periodo_rol_usuario_service.go:90.2,92.16 3 0
github.com/udistrital/usuario_rol_crud/services/periodo_rol_usuario_service.go:92.16,94.3 1 0
github.com/udistrital/usuario_rol_crud/services/periodo_rol_usuario_service.go:97.2,97.32 1 0
github.com/udistrital/usuario_rol_crud/services/periodo_rol_usuario_service.go:97.32,99.3 1 0
github.com/udistrital/usuario_rol_crud/services/periodo_rol_usuario_service.go:100.2,100.12 1 0
github.com/udistrital/usuario_rol_crud/services/rol_service.go:10.50,15.2 4 0
github.com/udistrital/usuario_rol_crud/services/rol_service.go:16.52,18.2 1 0
github.com/udistrital/usuario_rol_crud/services/rol_service.go:21.59,23.2 1 0
github.com/udistrital/usuario_rol_crud/services/rol_service.go:25.47,28.16 2 0
github.com/udistrital/usuario_rol_crud/services/rol_service.go:28.16,30.3 1 0
github.com/udistrital/usuario_rol_crud/services/rol_service.go:31.2,34.32 4 0
github.com/udistrital/usuario_rol_crud/services/rol_service.go:37.36,39.2 1 0
github.com/udistrital/usuario_rol_crud/services/sistema_informacion_service.go:10.80,15.2 4 0
github.com/udistrital/usuario_rol_crud/services/sistema_informacion_service.go:16.82,18.2 1 0
github.com/udistrital/usuario_rol_crud/services/sistema_informacion_service.go:20.59,22.2 1 0
github.com/udistrital/usuario_rol_crud/services/sistema_informacion_service.go:23.77,25.16 2 0
github.com/udistrital/usuario_rol_crud/services/sistema_informacion_service.go:25.16,27.3 1 0
github.com/udistrital/usuario_rol_crud/services/sistema_informacion_service.go:28.2,31.47 4 0
github.com/udistrital/usuario_rol_crud/services/sistema_informacion_service.go:33.51,36.2 1 0
github.com/udistrital/usuario_rol_crud/services/usuario_service.go:12.58,16.44 4 0
github.com/udistrital/usuario_rol_crud/services/usuario_service.go:16.44,18.3 1 0
github.com/udistrital/usuario_rol_crud/services/usuario_service.go:19.2,19.29 1 0
github.com/udistrital/usuario_rol_crud/services/usuario_service.go:21.60,23.2 1 0
github.com/udistrital/usuario_rol_crud/services/usuario_service.go:25.59,27.2 1 0
github.com/udistrital/usuario_rol_crud/services/usuario_service.go:28.55,31.16 2 0
github.com/udistrital/usuario_rol_crud/services/usuario_service.go:31.16,33.3 1 0
github.com/udistrital/usuario_rol_crud/services/usuario_service.go:34.2,37.36 4 0
github.com/udistrital/usuario_rol_crud/services/usuario_service.go:39.40,41.2 1 0
github.com/udistrital/usuario_rol_crud/models/periodo_rol_usuario.go:25.48,27.2 1 1
github.com/udistrital/usuario_rol_crud/models/periodo_rol_usuario.go:29.13,31.2 1 1
github.com/udistrital/usuario_rol_crud/models/periodo_rol_usuario.go:35.71,39.2 3 0
github.com/udistrital/usuario_rol_crud/models/periodo_rol_usuario.go:43.73,46.33 3 0
github.com/udistrital/usuario_rol_crud/models/periodo_rol_usuario.go:46.33,48.3 1 0
github.com/udistrital/usuario_rol_crud/models/periodo_rol_usuario.go:49.2,49.17 1 0
github.com/udistrital/usuario_rol_crud/models/periodo_rol_usuario.go:55.59,59.26 3 0
github.com/udistrital/usuario_rol_crud/models/periodo_rol_usuario.go:59.26,62.36 2 0
github.com/udistrital/usuario_rol_crud/models/periodo_rol_usuario.go:62.36,64.4 1 0
github.com/udistrital/usuario_rol_crud/models/periodo_rol_usuario.go:64.9,66.4 1 0
github.com/udistrital/usuario_rol_crud/models/periodo_rol_usuario.go:69.2,70.22 2 0
github.com/udistrital/usuario_rol_crud/models/periodo_rol_usuario.go:70.22,71.32 1 0
github.com/udistrital/usuario_rol_crud/models/periodo_rol_usuario.go:71.32,73.29 1 0
github.com/udistrital/usuario_rol_crud/models/periodo_rol_usuario.go:73.29,75.27 2 0
github.com/udistrital/usuario_rol_crud/models/periodo_rol_usuario.go:75.27,77.6 1 0
github.com/udistrital/usuario_rol_crud/models/periodo_rol_usuario.go:77.11,77.33 1 0
github.com/udistrital/usuario_rol_crud/models/periodo_rol_usuario.go:77.33,79.6 1 0
github.com/udistrital/usuario_rol_crud/models/periodo_rol_usuario.go:79.11,81.6 1 0
github.com/udistrital/usuario_rol_crud/models/periodo_rol_usuario.go:82.5,82.45 1 0
github.com/udistrital/usuario_rol_crud/models/periodo_rol_usuario.go:84.4,84.34 1 0
github.com/udistrital/usuario_rol_crud/models/periodo_rol_usuario.go:85.9,85.58 1 0
github.com/udistrital/usuario_rol_crud/models/periodo_rol_usuario.go:85.58,87.29 1 0
github.com/udistrital/usuario_rol_crud/models/periodo_rol_usuario.go:87.29,89.27 2 0
github.com/udistrital/usuario_rol_crud/models/periodo_rol_usuario.go:89.27,91.6 1 0
github.com/udistrital/usuario_rol_crud/models/periodo_rol_usuario.go:91.11,91.33 1 0
github.com/udistrital/usuario_rol_crud/models/periodo_rol_usuario.go:91.33,93.6 1 0
github.com/udistrital/usuario_rol_crud/models/periodo_rol_usuario.go:93.11,95.6 1 0
github.com/udistrital/usuario_rol_crud/models/periodo_rol_usuario.go:96.5,96.45 1 0
github.com/udistrital/usuario_rol_crud/models/periodo_rol_usuario.go:98.9,98.58 1 0
github.com/udistrital/usuario_rol_crud/models/periodo_rol_usuario.go:98.58,100.4 1 0
github.com/udistrital/usuario_rol_crud/models/periodo_rol_usuario.go:101.8,102.22 1 0
github.com/udistrital/usuario_rol_crud/models/periodo_rol_usuario.go:102.22,104.4 1 0
github.com/udistrital/usuario_rol_crud/models/periodo_rol_usuario.go:107.2,109.69 3 0
github.com/udistrital/usuario_rol_crud/models/periodo_rol_usuario.go:109.69,110.23 1 0
github.com/udistrital/usuario_rol_crud/models/periodo_rol_usuario.go:110.23,111.24 1 0
github.com/udistrital/usuario_rol_crud/models/periodo_rol_usuario.go:111.24,113.5 1 0
github.com/udistrital/usuario_rol_crud/models/periodo_rol_usuario.go:114.9,116.24 1 0
github.com/udistrital/usuario_rol_crud/models/periodo_rol_usuario.go:116.24,119.34 3 0
github.com/udistrital/usuario_rol_crud/models/periodo_rol_usuario.go:119.34,121.6 1 0
github.com/udistrital/usuario_rol_crud/models/periodo_rol_usuario.go:122.5,122.23 1 0
github.com/udistrital/usuario_rol_crud/models/periodo_rol_usuario.go:125.3,125.17 1 0
github.com/udistrital/usuario_rol_crud/models/periodo_rol_usuario.go:127.2,127.17 1 0
github.com/udistrital/usuario_rol_crud/models/periodo_rol_usuario.go:132.68,136.34 3 0
github.com/udistrital/usuario_rol_crud/models/periodo_rol_usuario.go:136.34,138.41 2 0
github.com/udistrital/usuario_rol_crud/models/periodo_rol_usuario.go:138.41,140.4 1 0
github.com/udistrital/usuario_rol_crud/models/periodo_rol_usuario.go:142.2,142.8 1 0
github.com/udistrital/usuario_rol_crud/models/periodo_rol_usuario.go:147.50,151.34 3 0
github.com/udistrital/usuario_rol_crud/models/periodo_rol_usuario.go:151.34,156.71 4 0
github.com/udistrital/usuario_rol_crud/models/periodo_rol_usuario.go:156.71,158.4 1 0
github.com/udistrital/usuario_rol_crud/models/periodo_rol_usuario.go:158.9,160.4 1 0
github.com/udistrital/usuario_rol_crud/models/periodo_rol_usuario.go:162.8,164.3 1 0
github.com/udistrital/usuario_rol_crud/models/periodo_rol_usuario.go:165.2,165.8 1 0
github.com/udistrital/usuario_rol_crud/models/periodo_rol_usuario.go:167.59,172.27 5 0
github.com/udistrital/usuario_rol_crud/models/periodo_rol_usuario.go:172.27,175.3 2 0
github.com/udistrital/usuario_rol_crud/models/periodo_rol_usuario.go:176.2,176.12 1 0
github.com/udistrital/usuario_rol_crud/models/rol.go:22.34,24.2 1 1
github.com/udistrital/usuario_rol_crud/models/rol.go:26.13,28.2 1 1
github.com/udistrital/usuario_rol_crud/models/rol.go:32.43,36.2 3 0
github.com/udistrital/usuario_rol_crud/models/rol.go:40.45,43.33 3 0
github.com/udistrital/usuario_rol_crud/models/rol.go:43.33,45.3 1 0
github.com/udistrital/usuario_rol_crud/models/rol.go:46.2,46.17 1 0
github.com/udistrital/usuario_rol_crud/models/rol.go:52.59,56.26 3 0
github.com/udistrital/usuario_rol_crud/models/rol.go:56.26,59.36 2 0
github.com/udistrital/usuario_rol_crud/models/rol.go:59.36,61.4 1 0
github.com/udistrital/usuario_rol_crud/models/rol.go:61.9,63.4 1 0
github.com/udistrital/usuario_rol_crud/models/rol.go:66.2,67.22 2 0
github.com/udistrital/usuario_rol_crud/models/rol.go:67.22,68.32 1 0
github.com/udistrital/usuario_rol_crud/models/rol.go:68.32,70.29 1 0
github.com/udistrital/usuario_rol_crud/models/rol.go:70.29,72.27 2 0
github.com/udistrital/usuario_rol_crud/models/rol.go:72.27,74.6 1 0
github.com/udistrital/usuario_rol_crud/models/rol.go:74.11,74.33 1 0
github.com/udistrital/usuario_rol_crud/models/rol.go:74.33,76.6 1 0
github.com/udistrital/usuario_rol_crud/models/rol.go:76.11,78.6 1 0
github.com/udistrital/usuario_rol_crud/models/rol.go:79.5,79.45 1 0
github.com/udistrital/usuario_rol_crud/models/rol.go:81.4,81.34 1 0
github.com/udistrital/usuario_rol_crud/models/rol.go:82.9,82.58 1 0
github.com/udistrital/usuario_rol_crud/models/rol.go:82.58,84.29 1 0
github.com/udistrital/usuario_rol_crud/models/rol.go:84.29,86.27 2 0
github.com/udistrital/usuario_rol_crud/models/rol.go:86.27,88.6 1 0
github.com/udistrital/usuario_rol_crud/models/rol.go:88.11,88.33 1 0
github.com/udistrital/usuario_rol_crud/models/rol.go:88.33,90.6 1 0
github.com/udistrital/usuario_rol_crud/models/rol.go:90.11,92.6 1 0
github.com/udistrital/usuario_rol_crud/models/rol.go:93.5,93.45 1 0
github.com/udistrital/usuario_rol_crud/models/rol.go:95.9,95.58 1 0
github.com/udistrital/usuario_rol_crud/models/rol.go:95.58,97.4 1 0
github.com/udistrital/usuario_rol_crud/models/rol.go:98.8,99.22 1 0
github.com/udistrital/usuario_rol_crud/models/rol.go:99.22,101.4 1 0
github.com/udistrital/usuario_rol_crud/models/rol.go:104.2,106.69 3 0
github.com/udistrital/usuario_rol_crud/models/rol.go:106.69,107.23 1 0
github.com/udistrital/usuario_rol_crud/models/rol.go:107.23,108.24 1 0
github.com/udistrital/usuario_rol_crud/models/rol.go:108.24,110.5 1 0
github.com/udistrital/usuario_rol_crud/models/rol.go:111.9,113.24 1 0
github.com/udistrital/usuario_rol_crud/models/rol.go:113.24,116.34 3 0
github.com/udistrital/usuario_rol_crud/models/rol.go:116.34,118.6 1 0
github.com/udistrital/usuario_rol_crud/models/rol.go:119.5,119.23 1 0
github.com/udistrital/usuario_rol_crud/models/rol.go:122.3,122.17 1 0
github.com/udistrital/usuario_rol_crud/models/rol.go:124.2,124.17 1 0
github.com/udistrital/usuario_rol_crud/models/rol.go:129.40,133.34 3 0
github.com/udistrital/usuario_rol_crud/models/rol.go:133.34,135.41 2 0
github.com/udistrital/usuario_rol_crud/models/rol.go:135.41,137.4 1 0
github.com/udistrital/usuario_rol_crud/models/rol.go:139.2,139.8 1 0
github.com/udistrital/usuario_rol_crud/models/rol.go:144.36,148.34 3 0
github.com/udistrital/usuario_rol_crud/models/rol.go:148.34,153.71 4 0
github.com/udistrital/usuario_rol_crud/models/rol.go:153.71,155.4 1 0
github.com/udistrital/usuario_rol_crud/models/rol.go:155.9,157.4 1 0
github.com/udistrital/usuario_rol_crud/models/rol.go:159.8,161.3 1 0
github.com/udistrital/usuario_rol_crud/models/rol.go:162.2,162.8 1 0
github.com/udistrital/usuario_rol_crud/models/sistema_informacion.go:22.49,24.2 1 1
github.com/udistrital/usuario_rol_crud/models/sistema_informacion.go:26.13,28.2 1 1
github.com/udistrital/usuario_rol_crud/models/sistema_informacion.go:32.73,36.2 3 0
github.com/udistrital/usuario_rol_crud/models/sistema_informacion.go:40.75,43.33 3 0
github.com/udistrital/usuario_rol_crud/models/sistema_informacion.go:43.33,45.3 1 0
github.com/udistrital/usuario_rol_crud/models/sistema_informacion.go:46.2,46.17 1 0
github.com/udistrital/usuario_rol_crud/models/sistema_informacion.go:52.59,56.26 3 0
github.com/udistrital/usuario_rol_crud/models/sistema_informacion.go:56.26,59.36 2 0
github.com/udistrital/usuario_rol_crud/models/sistema_informacion.go:59.36,61.4 1 0
github.com/udistrital/usuario_rol_crud/models/sistema_informacion.go:61.9,63.4 1 0
github.com/udistrital/usuario_rol_crud/models/sistema_informacion.go:66.2,67.22 2 0
github.com/udistrital/usuario_rol_crud/models/sistema_informacion.go:67.22,68.32 1 0
github.com/udistrital/usuario_rol_crud/models/sistema_informacion.go:68.32,70.29 1 0
github.com/udistrital/usuario_rol_crud/models/sistema_informacion.go:70.29,72.27 2 0
github.com/udistrital/usuario_rol_crud/models/sistema_informacion.go:72.27,74.6 1 0
github.com/udistrital/usuario_rol_crud/models/sistema_informacion.go:74.11,74.33 1 0
github.com/udistrital/usuario_rol_crud/models/sistema_informacion.go:74.33,76.6 1 0
github.com/udistrital/usuario_rol_crud/models/sistema_informacion.go:76.11,78.6 1 0
github.com/udistrital/usuario_rol_crud/models/sistema_informacion.go:79.5,79.45 1 0
github.com/udistrital/usuario_rol_crud/models/sistema_informacion.go:81.4,81.34 1 0
github.com/udistrital/usuario_rol_crud/models/sistema_informacion.go:82.9,82.58 1 0
github.com/udistrital/usuario_rol_crud/models/sistema_informacion.go:82.58,84.29 1 0
github.com/udistrital/usuario_rol_crud/models/sistema_informacion.go:84.29,86.27 2 0
github.com/udistrital/usuario_rol_crud/models/sistema_informacion.go:86.27,88.6 1 0
github.com/udistrital/usuario_rol_crud/models/sistema_informacion.go:88.11,88.33 1 0
github.com/udistrital/usuario_rol_crud/models/sistema_informacion.go:88.33,90.6 1 0
github.com/udistrital/usuario_rol_crud/models/sistema_informacion.go:90.11,92.6 1 0
github.com/udistrital/usuario_rol_crud/models/sistema_informacion.go:93.5,93.45 1 0
github.com/udistrital/usuario_rol_crud/models/sistema_informacion.go:95.9,95.58 1 0
github.com/udistrital/usuario_rol_crud/models/sistema_informacion.go:95.58,97.4 1 0
github.com/udistrital/usuario_rol_crud/models/sistema_informacion.go:98.8,99.22 1 0
github.com/udistrital/usuario_rol_crud/models/sistema_informacion.go:99.22,101.4 1 0
github.com/udistrital/usuario_rol_crud/models/sistema_informacion.go:104.2,106.69 3 0
github.com/udistrital/usuario_rol_crud/models/sistema_informacion.go:106.69,107.23 1 0
github.com/udistrital/usuario_rol_crud/models/sistema_informacion.go:107.23,108.24 1 0
github.com/udistrital/usuario_rol_crud/models/sistema_informacion.go:108.24,110.5 1 0
github.com/udistrital/usuario_rol_crud/models/sistema_informacion.go:111.9,113.24 1 0
github.com/udistrital/usuario_rol_crud/models/sistema_informacion.go:113.24,116.34 3 0
github.com/udistrital/usuario_rol_crud/models/sistema_informacion.go:116.34,118.6 1 0
github.com/udistrital/usuario_rol_crud/models/sistema_informacion.go:119.5,119.23 1 0
github.com/udistrital/usuario_rol_crud/models/sistema_informacion.go:122.3,122.17 1 0
github.com/udistrital/usuario_rol_crud/models/sistema_informacion.go:124.2,124.17 1 0
github.com/udistrital/usuario_rol_crud/models/sistema_informacion.go:129.70,133.34 3 0
github.com/udistrital/usuario_rol_crud/models/sistema_informacion.go:133.34,135.41 2 0
github.com/udistrital/usuario_rol_crud/models/sistema_informacion.go:135.41,137.4 1 0
github.com/udistrital/usuario_rol_crud/models/sistema_informacion.go:139.2,139.8 1 0
github.com/udistrital/usuario_rol_crud/models/sistema_informacion.go:144.51,148.34 3 0
github.com/udistrital/usuario_rol_crud/models/sistema_informacion.go:148.34,153.71 4 0
github.com/udistrital/usuario_rol_crud/models/sistema_informacion.go:153.71,155.4 1 0
github.com/udistrital/usuario_rol_crud/models/sistema_informacion.go:155.9,157.4 1 0
github.com/udistrital/usuario_rol_crud/models/sistema_informacion.go:159.8,161.3 1 0
github.com/udistrital/usuario_rol_crud/models/sistema_informacion.go:162.2,162.8 1 0
github.com/udistrital/usuario_rol_crud/models/usuario.go:22.38,24.2 1 1
github.com/udistrital/usuario_rol_crud/models/usuario.go:26.13,28.2 1 1
github.com/udistrital/usuario_rol_crud/models/usuario.go:32.51,36.61 3 0
github.com/udistrital/usuario_rol_crud/models/usuario.go:36.61,38.3 1 0
github.com/udistrital/usuario_rol_crud/models/usuario.go:39.2,40.8 2 0
github.com/udistrital/usuario_rol_crud/models/usuario.go:45.53,48.33 3 0
github.com/udistrital/usuario_rol_crud/models/usuario.go:48.33,50.3 1 0
github.com/udistrital/usuario_rol_crud/models/usuario.go:51.2,51.17 1 0
github.com/udistrital/usuario_rol_crud/models/usuario.go:57.59,61.26 3 0
github.com/udistrital/usuario_rol_crud/models/usuario.go:61.26,64.36 2 0
github.com/udistrital/usuario_rol_crud/models/usuario.go:64.36,66.4 1 0
github.com/udistrital/usuario_rol_crud/models/usuario.go:66.9,68.4 1 0
github.com/udistrital/usuario_rol_crud/models/usuario.go:71.2,72.22 2 0
github.com/udistrital/usuario_rol_crud/models/usuario.go:72.22,73.32 1 0
github.com/udistrital/usuario_rol_crud/models/usuario.go:73.32,75.29 1 0
github.com/udistrital/usuario_rol_crud/models/usuario.go:75.29,77.27 2 0
github.com/udistrital/usuario_rol_crud/models/usuario.go:77.27,79.6 1 0
github.com/udistrital/usuario_rol_crud/models/usuario.go:79.11,79.33 1 0
github.com/udistrital/usuario_rol_crud/models/usuario.go:79.33,81.6 1 0
github.com/udistrital/usuario_rol_crud/models/usuario.go:81.11,83.6 1 0
github.com/udistrital/usuario_rol_crud/models/usuario.go:84.5,84.45 1 0
github.com/udistrital/usuario_rol_crud/models/usuario.go:86.4,86.34 1 0
github.com/udistrital/usuario_rol_crud/models/usuario.go:87.9,87.58 1 0
github.com/udistrital/usuario_rol_crud/models/usuario.go:87.58,89.29 1 0
github.com/udistrital/usuario_rol_crud/models/usuario.go:89.29,91.27 2 0
github.com/udistrital/usuario_rol_crud/models/usuario.go:91.27,93.6 1 0
github.com/udistrital/usuario_rol_crud/models/usuario.go:93.11,93.33 1 0
github.com/udistrital/usuario_rol_crud/models/usuario.go:93.33,95.6 1 0
github.com/udistrital/usuario_rol_crud/models/usuario.go:95.11,97.6 1 0
github.com/udistrital/usuario_rol_crud/models/usuario.go:98.5,98.45 1 0
github.com/udistrital/usuario_rol_crud/models/usuario.go:100.9,100.58 1 0
github.com/udistrital/usuario_rol_crud/models/usuario.go:100.58,102.4 1 0
github.com/udistrital/usuario_rol_crud/models/usuario.go:103.8,104.22 1 0
github.com/udistrital/usuario_rol_crud/models/usuario.go:104.22,106.4 1 0
github.com/udistrital/usuario_rol_crud/models/usuario.go:109.2,111.69 3 0
github.com/udistrital/usuario_rol_crud/models/usuario.go:111.69,112.23 1 0
github.com/udistrital/usuario_rol_crud/models/usuario.go:112.23,113.24 1 0
github.com/udistrital/usuario_rol_crud/models/usuario.go:113.24,115.5 1 0
github.com/udistrital/usuario_rol_crud/models/usuario.go:116.9,118.24 1 0
github.com/udistrital/usuario_rol_crud/models/usuario.go:118.24,121.34 3 0
github.com/udistrital/usuario_rol_crud/models/usuario.go:121.34,123.6 1 0
github.com/udistrital/usuario_rol_crud/models/usuario.go:124.5,124.23 1 0
github.com/udistrital/usuario_rol_crud/models/usuario.go:127.3,127.17 1 0
github.com/udistrital/usuario_rol_crud/models/usuario.go:129.2,129.17 1 0
github.com/udistrital/usuario_rol_crud/models/usuario.go:134.48,138.34 3 0
github.com/udistrital/usuario_rol_crud/models/usuario.go:138.34,140.41 2 0
github.com/udistrital/usuario_rol_crud/models/usuario.go:140.41,142.4 1 0
github.com/udistrital/usuario_rol_crud/models/usuario.go:144.2,144.8 1 0
github.com/udistrital/usuario_rol_crud/models/usuario.go:149.40,153.34 3 0
github.com/udistrital/usuario_rol_crud/models/usuario.go:153.34,158.71 4 0
github.com/udistrital/usuario_rol_crud/models/usuario.go:158.71,160.4 1 0
github.com/udistrital/usuario_rol_crud/models/usuario.go:160.9,162.4 1 0
github.com/udistrital/usuario_rol_crud/models/usuario.go:164.8,167.3 2 0
github.com/udistrital/usuario_rol_crud/models/usuario.go:168.2,168.8 1 0
github.com/udistrital/usuario_rol_crud/models/usuario.go:172.48,175.2 2 0
github.com/udistrital/usuario_rol_crud/services/periodo_rol_usuario_service.go:14.78,19.23 4 0
github.com/udistrital/usuario_rol_crud/services/periodo_rol_usuario_service.go:19.23,20.73 1 0
github.com/udistrital/usuario_rol_crud/services/periodo_rol_usuario_service.go:20.73,22.4 1 0
github.com/udistrital/usuario_rol_crud/services/periodo_rol_usuario_service.go:23.8,26.17 3 0
github.com/udistrital/usuario_rol_crud/services/periodo_rol_usuario_service.go:26.17,28.4 1 0
github.com/udistrital/usuario_rol_crud/services/periodo_rol_usuario_service.go:30.2,32.70 3 0
github.com/udistrital/usuario_rol_crud/services/periodo_rol_usuario_service.go:32.70,34.3 1 0
github.com/udistrital/usuario_rol_crud/services/periodo_rol_usuario_service.go:35.2,35.39 1 0
github.com/udistrital/usuario_rol_crud/services/periodo_rol_usuario_service.go:37.80,39.2 1 0
github.com/udistrital/usuario_rol_crud/services/periodo_rol_usuario_service.go:41.59,43.2 1 0
github.com/udistrital/usuario_rol_crud/services/periodo_rol_usuario_service.go:44.75,47.16 2 0
github.com/udistrital/usuario_rol_crud/services/periodo_rol_usuario_service.go:47.16,49.3 1 0
github.com/udistrital/usuario_rol_crud/services/periodo_rol_usuario_service.go:50.2,54.23 4 0
github.com/udistrital/usuario_rol_crud/services/periodo_rol_usuario_service.go:54.23,55.73 1 0
github.com/udistrital/usuario_rol_crud/services/periodo_rol_usuario_service.go:55.73,57.4 1 0
github.com/udistrital/usuario_rol_crud/services/periodo_rol_usuario_service.go:58.8,61.17 3 0
github.com/udistrital/usuario_rol_crud/services/periodo_rol_usuario_service.go:61.17,63.4 1 0
github.com/udistrital/usuario_rol_crud/services/periodo_rol_usuario_service.go:65.2,65.46 1 0
github.com/udistrital/usuario_rol_crud/services/periodo_rol_usuario_service.go:67.50,69.2 1 0
github.com/udistrital/usuario_rol_crud/services/periodo_rol_usuario_service.go:72.65,75.16 3 1
github.com/udistrital/usuario_rol_crud/services/periodo_rol_usuario_service.go:75.16,77.3 1 1
github.com/udistrital/usuario_rol_crud/services/periodo_rol_usuario_service.go:78.2,78.27 1 1
github.com/udistrital/usuario_rol_crud/services/periodo_rol_usuario_service.go:82.61,85.16 2 1
github.com/udistrital/usuario_rol_crud/services/periodo_rol_usuario_service.go:85.16,87.3 1 0
github.com/udistrital/usuario_rol_crud/services/periodo_rol_usuario_service.go:90.2,92.16 3 1
github.com/udistrital/usuario_rol_crud/services/periodo_rol_usuario_service.go:92.16,94.3 1 0
github.com/udistrital/usuario_rol_crud/services/periodo_rol_usuario_service.go:97.2,97.32 1 1
github.com/udistrital/usuario_rol_crud/services/periodo_rol_usuario_service.go:97.32,99.3 1 1
github.com/udistrital/usuario_rol_crud/services/periodo_rol_usuario_service.go:100.2,100.12 1 1
github.com/udistrital/usuario_rol_crud/services/rol_service.go:10.50,15.2 4 0
github.com/udistrital/usuario_rol_crud/services/rol_service.go:16.52,18.2 1 0
github.com/udistrital/usuario_rol_crud/services/rol_service.go:21.59,23.2 1 0
github.com/udistrital/usuario_rol_crud/services/rol_service.go:25.47,28.16 2 0
github.com/udistrital/usuario_rol_crud/services/rol_service.go:28.16,30.3 1 0
github.com/udistrital/usuario_rol_crud/services/rol_service.go:31.2,34.32 4 0
github.com/udistrital/usuario_rol_crud/services/rol_service.go:37.36,39.2 1 0
github.com/udistrital/usuario_rol_crud/services/sistema_informacion_service.go:10.80,15.2 4 0
github.com/udistrital/usuario_rol_crud/services/sistema_informacion_service.go:16.82,18.2 1 0
github.com/udistrital/usuario_rol_crud/services/sistema_informacion_service.go:20.59,22.2 1 0
github.com/udistrital/usuario_rol_crud/services/sistema_informacion_service.go:23.77,25.16 2 0
github.com/udistrital/usuario_rol_crud/services/sistema_informacion_service.go:25.16,27.3 1 0
github.com/udistrital/usuario_rol_crud/services/sistema_informacion_service.go:28.2,31.47 4 0
github.com/udistrital/usuario_rol_crud/services/sistema_informacion_service.go:33.51,36.2 1 0
github.com/udistrital/usuario_rol_crud/services/usuario_service.go:12.58,16.44 4 0
github.com/udistrital/usuario_rol_crud/services/usuario_service.go:16.44,18.3 1 0
github.com/udistrital/usuario_rol_crud/services/usuario_service.go:19.2,19.29 1 0
github.com/udistrital/usuario_rol_crud/services/usuario_service.go:21.60,23.2 1 0
github.com/udistrital/usuario_rol_crud/services/usuario_service.go:25.59,27.2 1 0
github.com/udistrital/usuario_rol_crud/services/usuario_service.go:28.55,31.16 2 0
github.com/udistrital/usuario_rol_crud/services/usuario_service.go:31.16,33.3 1 0
github.com/udistrital/usuario_rol_crud/services/usuario_service.go:34.2,37.36 4 0
github.com/udistrital/usuario_rol_crud/services/usuario_service.go:39.40,41.2 1 0
